# JRE version: Java(TM) SE Runtime Environment (8.0_201-b09) (build 1.8.0_201-b09)
# Java VM: Java HotSpot(TM) 64-Bit Server VM (25.201-b09 mixed mode windows-amd64 compressed oops)
Heap:
 PSYoungGen      total 65536K, used 49283K [0x00000000ed780000, 0x00000000f5780000, 0x0000000100000000)
  eden space 57856K, 85% used [0x00000000ed780000,0x00000000f07a0c48,0x00000000f1000000)
  from space 7680K, 0% used [0x00000000f1800000,0x00000000f1800000,0x00000000f1f80000)
  to   space 8192K, 0% used [0x00000000f1000000,0x00000000f1000000,0x00000000f1800000)
 ParOldGen       total 38400K, used 13806K [0x00000000c8600000, 0x00000000cab80000, 0x00000000ed780000)
  object space 38400K, 35% used [0x00000000c8600000,0x00000000c937bbd8,0x00000000cab80000)
 Metaspace       used 23200K, capacity 23748K, committed 23936K, reserved 1071104K
  class space    used 2736K, capacity 2885K, committed 2944K, reserved 1048576K
GC Heap History (10 events):
Event: 29.443 GC heap before
{Heap before GC invocations=5 (full 0):
 PSYoungGen      total 31744K, used 31744K [0x00000000ed780000, 0x00000000ef880000, 0x0000000100000000)
  eden space 29696K, 100% used [0x00000000ed780000,0x00000000ef480000,0x00000000ef480000)
  from space 2048K, 100% used [0x00000000ef680000,0x00000000ef880000,0x00000000ef880000)
  to   space 2048K, 0% used [0x00000000ef480000,0x00000000ef480000,0x00000000ef680000)
 ParOldGen       total 38400K, used 6041K [0x00000000c8600000, 0x00000000cab80000, 0x00000000ed780000)
  object space 38400K, 15% used [0x00000000c8600000,0x00000000c8be6538,0x00000000cab80000)
 Metaspace       used 14805K, capacity 15074K, committed 15360K, reserved 1062912K
  class space    used 1824K, capacity 1941K, committed 2048K, reserved 1048576K
Event: 29.497 GC heap after
Heap after GC invocations=5 (full 0):
 PSYoungGen      total 31744K, used 2048K [0x00000000ed780000, 0x00000000f1e80000, 0x0000000100000000)
  eden space 29696K, 0% used [0x00000000ed780000,0x00000000ed780000,0x00000000ef480000)
  from space 2048K, 100% used [0x00000000ef480000,0x00000000ef680000,0x00000000ef680000)
  to   space 6656K, 0% used [0x00000000f1800000,0x00000000f1800000,0x00000000f1e80000)
 ParOldGen       total 38400K, used 10627K [0x00000000c8600000, 0x00000000cab80000, 0x00000000ed780000)
  object space 38400K, 27% used [0x00000000c8600000,0x00000000c9060c30,0x00000000cab80000)
 Metaspace       used 14805K, capacity 15074K, committed 15360K, reserved 1062912K
  class space    used 1824K, capacity 1941K, committed 2048K, reserved 1048576K
}
Event: 35.124 GC heap before
{Heap before GC invocations=6 (full 0):
 PSYoungGen      total 31744K, used 31744K [0x00000000ed780000, 0x00000000f1e80000, 0x0000000100000000)
  eden space 29696K, 100% used [0x00000000ed780000,0x00000000ef480000,0x00000000ef480000)
  from space 2048K, 100% used [0x00000000ef480000,0x00000000ef680000,0x00000000ef680000)
  to   space 6656K, 0% used [0x00000000f1800000,0x00000000f1800000,0x00000000f1e80000)
 ParOldGen       total 38400K, used 10627K [0x00000000c8600000, 0x00000000cab80000, 0x00000000ed780000)
  object space 38400K, 27% used [0x00000000c8600000,0x00000000c9060c30,0x00000000cab80000)
 Metaspace       used 15663K, capacity 16006K, committed 16128K, reserved 1062912K
  class space    used 1913K, capacity 2015K, committed 2048K, reserved 1048576K
Event: 35.152 GC heap after
Heap after GC invocations=6 (full 0):
 PSYoungGen      total 66048K, used 4554K [0x00000000ed780000, 0x00000000f1e80000, 0x0000000100000000)
  eden space 59392K, 0% used [0x00000000ed780000,0x00000000ed780000,0x00000000f1180000)
  from space 6656K, 68% used [0x00000000f1800000,0x00000000f1c72810,0x00000000f1e80000)
  to   space 6656K, 0% used [0x00000000f1180000,0x00000000f1180000,0x00000000f1800000)
 ParOldGen       total 38400K, used 10635K [0x00000000c8600000, 0x00000000cab80000, 0x00000000ed780000)
  object space 38400K, 27% used [0x00000000c8600000,0x00000000c9062c30,0x00000000cab80000)
 Metaspace       used 15663K, capacity 16006K, committed 16128K, reserved 1062912K
  class space    used 1913K, capacity 2015K, committed 2048K, reserved 1048576K
}
Event: 45.161 GC heap before
{Heap before GC invocations=7 (full 0):
 PSYoungGen      total 66048K, used 63946K [0x00000000ed780000, 0x00000000f1e80000, 0x0000000100000000)
  eden space 59392K, 100% used [0x00000000ed780000,0x00000000f1180000,0x00000000f1180000)
  from space 6656K, 68% used [0x00000000f1800000,0x00000000f1c72810,0x00000000f1e80000)
  to   space 6656K, 0% used [0x00000000f1180000,0x00000000f1180000,0x00000000f1800000)
 ParOldGen       total 38400K, used 10635K [0x00000000c8600000, 0x00000000cab80000, 0x00000000ed780000)
  object space 38400K, 27% used [0x00000000c8600000,0x00000000c9062c30,0x00000000cab80000)
 Metaspace       used 20303K, capacity 20812K, committed 21120K, reserved 1067008K
  class space    used 2478K, capacity 2616K, committed 2688K, reserved 1048576K
Event: 45.226 GC heap after
Heap after GC invocations=7 (full 0):
 PSYoungGen      total 64000K, used 6647K [0x00000000ed780000, 0x00000000f1f80000, 0x0000000100000000)
  eden space 57344K, 0% used [0x00000000ed780000,0x00000000ed780000,0x00000000f0f80000)
  from space 6656K, 99% used [0x00000000f1180000,0x00000000f17fdd68,0x00000000f1800000)
  to   space 7680K, 0% used [0x00000000f1800000,0x00000000f1800000,0x00000000f1f80000)
 ParOldGen       total 38400K, used 11866K [0x00000000c8600000, 0x00000000cab80000, 0x00000000ed780000)
  object space 38400K, 30% used [0x00000000c8600000,0x00000000c9196ad8,0x00000000cab80000)
 Metaspace       used 20303K, capacity 20812K, committed 21120K, reserved 1067008K
  class space    used 2478K, capacity 2616K, committed 2688K, reserved 1048576K
}
Event: 46.643 GC heap before
{Heap before GC invocations=8 (full 0):
 PSYoungGen      total 64000K, used 8984K [0x00000000ed780000, 0x00000000f1f80000, 0x0000000100000000)
  eden space 57344K, 4% used [0x00000000ed780000,0x00000000ed9c8498,0x00000000f0f80000)
  from space 6656K, 99% used [0x00000000f1180000,0x00000000f17fdd68,0x00000000f1800000)
  to   space 7680K, 0% used [0x00000000f1800000,0x00000000f1800000,0x00000000f1f80000)
 ParOldGen       total 38400K, used 11866K [0x00000000c8600000, 0x00000000cab80000, 0x00000000ed780000)
  object space 38400K, 30% used [0x00000000c8600000,0x00000000c9196ad8,0x00000000cab80000)
 Metaspace       used 20692K, capacity 21164K, committed 21296K, reserved 1069056K
  class space    used 2512K, capacity 2648K, committed 2688K, reserved 1048576K
Event: 46.678 GC heap after
Heap after GC invocations=8 (full 0):
 PSYoungGen      total 65536K, used 6395K [0x00000000ed780000, 0x00000000f5780000, 0x0000000100000000)
  eden space 57856K, 0% used [0x00000000ed780000,0x00000000ed780000,0x00000000f1000000)
  from space 7680K, 83% used [0x00000000f1800000,0x00000000f1e3edf0,0x00000000f1f80000)
  to   space 8192K, 0% used [0x00000000f1000000,0x00000000f1000000,0x00000000f1800000)
 ParOldGen       total 38400K, used 12514K [0x00000000c8600000, 0x00000000cab80000, 0x00000000ed780000)
  object space 38400K, 32% used [0x00000000c8600000,0x00000000c9238ad8,0x00000000cab80000)
 Metaspace       used 20692K, capacity 21164K, committed 21296K, reserved 1069056K
  class space    used 2512K, capacity 2648K, committed 2688K, reserved 1048576K
}
Event: 46.678 GC heap before
{Heap before GC invocations=9 (full 1):
 PSYoungGen      total 65536K, used 6395K [0x00000000ed780000, 0x00000000f5780000, 0x0000000100000000)
  eden space 57856K, 0% used [0x00000000ed780000,0x00000000ed780000,0x00000000f1000000)
  from space 7680K, 83% used [0x00000000f1800000,0x00000000f1e3edf0,0x00000000f1f80000)
  to   space 8192K, 0% used [0x00000000f1000000,0x00000000f1000000,0x00000000f1800000)
 ParOldGen       total 38400K, used 12514K [0x00000000c8600000, 0x00000000cab80000, 0x00000000ed780000)
  object space 38400K, 32% used [0x00000000c8600000,0x00000000c9238ad8,0x00000000cab80000)
 Metaspace       used 20692K, capacity 21164K, committed 21296K, reserved 1069056K
  class space    used 2512K, capacity 2648K, committed 2688K, reserved 1048576K
Event: 46.945 GC heap after
Heap after GC invocations=9 (full 1):
 PSYoungGen      total 65536K, used 0K [0x00000000ed780000, 0x00000000f5780000, 0x0000000100000000)
  eden space 57856K, 0% used [0x00000000ed780000,0x00000000ed780000,0x00000000f1000000)
  from space 7680K, 0% used [0x00000000f1800000,0x00000000f1800000,0x00000000f1f80000)
  to   space 8192K, 0% used [0x00000000f1000000,0x00000000f1000000,0x00000000f1800000)
 ParOldGen       total 38400K, used 13806K [0x00000000c8600000, 0x00000000cab80000, 0x00000000ed780000)
  object space 38400K, 35% used [0x00000000c8600000,0x00000000c937bbd8,0x00000000cab80000)
 Metaspace       used 20692K, capacity 21164K, committed 21296K, reserved 1069056K
  class space    used 2512K, capacity 2648K, committed 2688K, reserved 1048576K
}

