# JRE version: Java(TM) SE Runtime Environment (8.0_201-b09) (build 1.8.0_201-b09)
# Java VM: Java HotSpot(TM) 64-Bit Server VM (25.201-b09 mixed mode windows-amd64 compressed oops)
Heap:
 PSYoungGen      total 65024K, used 35200K [0x00000000ed780000, 0x00000000f4680000, 0x0000000100000000)
  eden space 59392K, 59% used [0x00000000ed780000,0x00000000ef9e0320,0x00000000f1180000)
  from space 5632K, 0% used [0x00000000f1180000,0x00000000f1180000,0x00000000f1700000)
  to   space 9216K, 0% used [0x00000000f3d80000,0x00000000f3d80000,0x00000000f4680000)
 ParOldGen       total 39936K, used 16612K [0x00000000c8600000, 0x00000000cad00000, 0x00000000ed780000)
  object space 39936K, 41% used [0x00000000c8600000,0x00000000c96391c0,0x00000000cad00000)
 Metaspace       used 23026K, capacity 23564K, committed 23936K, reserved 1071104K
  class space    used 2709K, capacity 2845K, committed 2944K, reserved 1048576K
GC Heap History (10 events):
Event: 46.041 GC heap before
{Heap before GC invocations=6 (full 0):
 PSYoungGen      total 16896K, used 16880K [0x00000000ed780000, 0x00000000efe80000, 0x0000000100000000)
  eden space 14848K, 100% used [0x00000000ed780000,0x00000000ee600000,0x00000000ee600000)
  from space 2048K, 99% used [0x00000000ee600000,0x00000000ee7fc030,0x00000000ee800000)
  to   space 5120K, 0% used [0x00000000ef980000,0x00000000ef980000,0x00000000efe80000)
 ParOldGen       total 38400K, used 8255K [0x00000000c8600000, 0x00000000cab80000, 0x00000000ed780000)
  object space 38400K, 21% used [0x00000000c8600000,0x00000000c8e0fd48,0x00000000cab80000)
 Metaspace       used 14789K, capacity 15010K, committed 15360K, reserved 1062912K
  class space    used 1824K, capacity 1941K, committed 2048K, reserved 1048576K
Event: 46.334 GC heap after
Heap after GC invocations=6 (full 0):
 PSYoungGen      total 34816K, used 4396K [0x00000000ed780000, 0x00000000efe80000, 0x0000000100000000)
  eden space 29696K, 0% used [0x00000000ed780000,0x00000000ed780000,0x00000000ef480000)
  from space 5120K, 85% used [0x00000000ef980000,0x00000000efdcb190,0x00000000efe80000)
  to   space 5120K, 0% used [0x00000000ef480000,0x00000000ef480000,0x00000000ef980000)
 ParOldGen       total 38400K, used 8255K [0x00000000c8600000, 0x00000000cab80000, 0x00000000ed780000)
  object space 38400K, 21% used [0x00000000c8600000,0x00000000c8e0fd48,0x00000000cab80000)
 Metaspace       used 14789K, capacity 15010K, committed 15360K, reserved 1062912K
  class space    used 1824K, capacity 1941K, committed 2048K, reserved 1048576K
}
Event: 52.441 GC heap before
{Heap before GC invocations=7 (full 0):
 PSYoungGen      total 34816K, used 34092K [0x00000000ed780000, 0x00000000efe80000, 0x0000000100000000)
  eden space 29696K, 100% used [0x00000000ed780000,0x00000000ef480000,0x00000000ef480000)
  from space 5120K, 85% used [0x00000000ef980000,0x00000000efdcb190,0x00000000efe80000)
  to   space 5120K, 0% used [0x00000000ef480000,0x00000000ef480000,0x00000000ef980000)
 ParOldGen       total 38400K, used 8255K [0x00000000c8600000, 0x00000000cab80000, 0x00000000ed780000)
  object space 38400K, 21% used [0x00000000c8600000,0x00000000c8e0fd48,0x00000000cab80000)
 Metaspace       used 15668K, capacity 16006K, committed 16128K, reserved 1062912K
  class space    used 1913K, capacity 2015K, committed 2048K, reserved 1048576K
Event: 52.478 GC heap after
Heap after GC invocations=7 (full 0):
 PSYoungGen      total 34816K, used 4829K [0x00000000ed780000, 0x00000000f1c80000, 0x0000000100000000)
  eden space 29696K, 0% used [0x00000000ed780000,0x00000000ed780000,0x00000000ef480000)
  from space 5120K, 94% used [0x00000000ef480000,0x00000000ef937750,0x00000000ef980000)
  to   space 5632K, 0% used [0x00000000f1700000,0x00000000f1700000,0x00000000f1c80000)
 ParOldGen       total 38400K, used 8967K [0x00000000c8600000, 0x00000000cab80000, 0x00000000ed780000)
  object space 38400K, 23% used [0x00000000c8600000,0x00000000c8ec1dd8,0x00000000cab80000)
 Metaspace       used 15668K, capacity 16006K, committed 16128K, reserved 1062912K
  class space    used 1913K, capacity 2015K, committed 2048K, reserved 1048576K
}
Event: 56.177 GC heap before
{Heap before GC invocations=8 (full 0):
 PSYoungGen      total 34816K, used 34525K [0x00000000ed780000, 0x00000000f1c80000, 0x0000000100000000)
  eden space 29696K, 100% used [0x00000000ed780000,0x00000000ef480000,0x00000000ef480000)
  from space 5120K, 94% used [0x00000000ef480000,0x00000000ef937750,0x00000000ef980000)
  to   space 5632K, 0% used [0x00000000f1700000,0x00000000f1700000,0x00000000f1c80000)
 ParOldGen       total 38400K, used 8967K [0x00000000c8600000, 0x00000000cab80000, 0x00000000ed780000)
  object space 38400K, 23% used [0x00000000c8600000,0x00000000c8ec1dd8,0x00000000cab80000)
 Metaspace       used 16155K, capacity 16580K, committed 16768K, reserved 1064960K
  class space    used 1943K, capacity 2056K, committed 2176K, reserved 1048576K
Event: 56.221 GC heap after
Heap after GC invocations=8 (full 0):
 PSYoungGen      total 65024K, used 4963K [0x00000000ed780000, 0x00000000f1c80000, 0x0000000100000000)
  eden space 59392K, 0% used [0x00000000ed780000,0x00000000ed780000,0x00000000f1180000)
  from space 5632K, 88% used [0x00000000f1700000,0x00000000f1bd8ff0,0x00000000f1c80000)
  to   space 5632K, 0% used [0x00000000f1180000,0x00000000f1180000,0x00000000f1700000)
 ParOldGen       total 38400K, used 9631K [0x00000000c8600000, 0x00000000cab80000, 0x00000000ed780000)
  object space 38400K, 25% used [0x00000000c8600000,0x00000000c8f67dd8,0x00000000cab80000)
 Metaspace       used 16155K, capacity 16580K, committed 16768K, reserved 1064960K
  class space    used 1943K, capacity 2056K, committed 2176K, reserved 1048576K
}
Event: 61.387 GC heap before
{Heap before GC invocations=9 (full 0):
 PSYoungGen      total 65024K, used 46116K [0x00000000ed780000, 0x00000000f1c80000, 0x0000000100000000)
  eden space 59392K, 69% used [0x00000000ed780000,0x00000000effb01d8,0x00000000f1180000)
  from space 5632K, 88% used [0x00000000f1700000,0x00000000f1bd8ff0,0x00000000f1c80000)
  to   space 5632K, 0% used [0x00000000f1180000,0x00000000f1180000,0x00000000f1700000)
 ParOldGen       total 38400K, used 9631K [0x00000000c8600000, 0x00000000cab80000, 0x00000000ed780000)
  object space 38400K, 25% used [0x00000000c8600000,0x00000000c8f67dd8,0x00000000cab80000)
 Metaspace       used 20745K, capacity 21160K, committed 21296K, reserved 1069056K
  class space    used 2516K, capacity 2648K, committed 2688K, reserved 1048576K
Event: 61.477 GC heap after
Heap after GC invocations=9 (full 0):
 PSYoungGen      total 65024K, used 5623K [0x00000000ed780000, 0x00000000f4680000, 0x0000000100000000)
  eden space 59392K, 0% used [0x00000000ed780000,0x00000000ed780000,0x00000000f1180000)
  from space 5632K, 99% used [0x00000000f1180000,0x00000000f16fde78,0x00000000f1700000)
  to   space 9216K, 0% used [0x00000000f3d80000,0x00000000f3d80000,0x00000000f4680000)
 ParOldGen       total 38400K, used 16404K [0x00000000c8600000, 0x00000000cab80000, 0x00000000ed780000)
  object space 38400K, 42% used [0x00000000c8600000,0x00000000c96050c8,0x00000000cab80000)
 Metaspace       used 20745K, capacity 21160K, committed 21296K, reserved 1069056K
  class space    used 2516K, capacity 2648K, committed 2688K, reserved 1048576K
}
Event: 61.477 GC heap before
{Heap before GC invocations=10 (full 1):
 PSYoungGen      total 65024K, used 5623K [0x00000000ed780000, 0x00000000f4680000, 0x0000000100000000)
  eden space 59392K, 0% used [0x00000000ed780000,0x00000000ed780000,0x00000000f1180000)
  from space 5632K, 99% used [0x00000000f1180000,0x00000000f16fde78,0x00000000f1700000)
  to   space 9216K, 0% used [0x00000000f3d80000,0x00000000f3d80000,0x00000000f4680000)
 ParOldGen       total 38400K, used 16404K [0x00000000c8600000, 0x00000000cab80000, 0x00000000ed780000)
  object space 38400K, 42% used [0x00000000c8600000,0x00000000c96050c8,0x00000000cab80000)
 Metaspace       used 20745K, capacity 21160K, committed 21296K, reserved 1069056K
  class space    used 2516K, capacity 2648K, committed 2688K, reserved 1048576K
Event: 61.813 GC heap after
Heap after GC invocations=10 (full 1):
 PSYoungGen      total 65024K, used 0K [0x00000000ed780000, 0x00000000f4680000, 0x0000000100000000)
  eden space 59392K, 0% used [0x00000000ed780000,0x00000000ed780000,0x00000000f1180000)
  from space 5632K, 0% used [0x00000000f1180000,0x00000000f1180000,0x00000000f1700000)
  to   space 9216K, 0% used [0x00000000f3d80000,0x00000000f3d80000,0x00000000f4680000)
 ParOldGen       total 39936K, used 16612K [0x00000000c8600000, 0x00000000cad00000, 0x00000000ed780000)
  object space 39936K, 41% used [0x00000000c8600000,0x00000000c96391c0,0x00000000cad00000)
 Metaspace       used 20745K, capacity 21160K, committed 21296K, reserved 1069056K
  class space    used 2516K, capacity 2648K, committed 2688K, reserved 1048576K
}

